# JRE version: Java(TM) SE Runtime Environment (13.0.2+8) (build 13.0.2+8)
# Java VM: Java HotSpot(TM) 64-Bit Server VM (13.0.2+8, mixed mode, sharing, tiered, compressed oops, serial gc, windows-amd64)
Heap:
 def new generation   total 19712K, used 9697K [0x00000000c0000000, 0x00000000c1560000, 0x00000000d5550000)
  eden space 17536K,  53% used [0x00000000c0000000, 0x00000000c093b060, 0x00000000c1120000)
  from space 2176K,  11% used [0x00000000c1340000, 0x00000000c137d530, 0x00000000c1560000)
  to   space 2176K,   0% used [0x00000000c1120000, 0x00000000c1120000, 0x00000000c1340000)
 tenured generation   total 43712K, used 27014K [0x00000000d5550000, 0x00000000d8000000, 0x0000000100000000)
   the space 43712K,  61% used [0x00000000d5550000, 0x00000000d6fb1b80, 0x00000000d6fb1c00, 0x00000000d8000000)
 Metaspace       used 21771K, capacity 22425K, committed 22528K, reserved 1069056K
  class space    used 2714K, capacity 2982K, committed 3072K, reserved 1048576K
GC Heap History (16 events):
Event: 0.944 GC heap before
{Heap before GC invocations=0 (full 0):
 def new generation   total 19648K, used 17472K [0x00000000c0000000, 0x00000000c1550000, 0x00000000d5550000)
  eden space 17472K, 100% used [0x00000000c0000000, 0x00000000c1110000, 0x00000000c1110000)
  from space 2176K,   0% used [0x00000000c1110000, 0x00000000c1110000, 0x00000000c1330000)
  to   space 2176K,   0% used [0x00000000c1330000, 0x00000000c1330000, 0x00000000c1550000)
 tenured generation   total 43712K, used 0K [0x00000000d5550000, 0x00000000d8000000, 0x0000000100000000)
   the space 43712K,   0% used [0x00000000d5550000, 0x00000000d5550000, 0x00000000d5550200, 0x00000000d8000000)
 Metaspace       used 4263K, capacity 5416K, committed 5760K, reserved 1056768K
  class space    used 449K, capacity 532K, committed 640K, reserved 1048576K
}
Event: 0.951 GC heap after
{Heap after GC invocations=1 (full 0):
 def new generation   total 19648K, used 2176K [0x00000000c0000000, 0x00000000c1550000, 0x00000000d5550000)
  eden space 17472K,   0% used [0x00000000c0000000, 0x00000000c0000000, 0x00000000c1110000)
  from space 2176K, 100% used [0x00000000c1330000, 0x00000000c1550000, 0x00000000c1550000)
  to   space 2176K,   0% used [0x00000000c1110000, 0x00000000c1110000, 0x00000000c1330000)
 tenured generation   total 43712K, used 3187K [0x00000000d5550000, 0x00000000d8000000, 0x0000000100000000)
   the space 43712K,   7% used [0x00000000d5550000, 0x00000000d586ce28, 0x00000000d586d000, 0x00000000d8000000)
 Metaspace       used 4263K, capacity 5416K, committed 5760K, reserved 1056768K
  class space    used 449K, capacity 532K, committed 640K, reserved 1048576K
}
Event: 1.370 GC heap before
{Heap before GC invocations=1 (full 0):
 def new generation   total 19648K, used 19648K [0x00000000c0000000, 0x00000000c1550000, 0x00000000d5550000)
  eden space 17472K, 100% used [0x00000000c0000000, 0x00000000c1110000, 0x00000000c1110000)
  from space 2176K, 100% used [0x00000000c1330000, 0x00000000c1550000, 0x00000000c1550000)
  to   space 2176K,   0% used [0x00000000c1110000, 0x00000000c1110000, 0x00000000c1330000)
 tenured generation   total 43712K, used 3187K [0x00000000d5550000, 0x00000000d8000000, 0x0000000100000000)
   the space 43712K,   7% used [0x00000000d5550000, 0x00000000d586ce28, 0x00000000d586d000, 0x00000000d8000000)
 Metaspace       used 7348K, capacity 7763K, committed 7808K, reserved 1056768K
  class space    used 791K, capacity 875K, committed 896K, reserved 1048576K
}
Event: 1.376 GC heap after
{Heap after GC invocations=2 (full 0):
 def new generation   total 19648K, used 1054K [0x00000000c0000000, 0x00000000c1550000, 0x00000000d5550000)
  eden space 17472K,   0% used [0x00000000c0000000, 0x00000000c0000000, 0x00000000c1110000)
  from space 2176K,  48% used [0x00000000c1110000, 0x00000000c1217928, 0x00000000c1330000)
  to   space 2176K,   0% used [0x00000000c1330000, 0x00000000c1330000, 0x00000000c1550000)
 tenured generation   total 43712K, used 5346K [0x00000000d5550000, 0x00000000d8000000, 0x0000000100000000)
   the space 43712K,  12% used [0x00000000d5550000, 0x00000000d5a88b30, 0x00000000d5a88c00, 0x00000000d8000000)
 Metaspace       used 7348K, capacity 7763K, committed 7808K, reserved 1056768K
  class space    used 791K, capacity 875K, committed 896K, reserved 1048576K
}
Event: 6.956 GC heap before
{Heap before GC invocations=2 (full 0):
 def new generation   total 19648K, used 18526K [0x00000000c0000000, 0x00000000c1550000, 0x00000000d5550000)
  eden space 17472K, 100% used [0x00000000c0000000, 0x00000000c1110000, 0x00000000c1110000)
  from space 2176K,  48% used [0x00000000c1110000, 0x00000000c1217928, 0x00000000c1330000)
  to   space 2176K,   0% used [0x00000000c1330000, 0x00000000c1330000, 0x00000000c1550000)
 tenured generation   total 43712K, used 5346K [0x00000000d5550000, 0x00000000d8000000, 0x0000000100000000)
   the space 43712K,  12% used [0x00000000d5550000, 0x00000000d5a88b30, 0x00000000d5a88c00, 0x00000000d8000000)
 Metaspace       used 10378K, capacity 10671K, committed 10752K, reserved 1058816K
  class space    used 1143K, capacity 1242K, committed 1280K, reserved 1048576K
}
Event: 6.962 GC heap after
{Heap after GC invocations=3 (full 0):
 def new generation   total 19648K, used 2176K [0x00000000c0000000, 0x00000000c1550000, 0x00000000d5550000)
  eden space 17472K,   0% used [0x00000000c0000000, 0x00000000c0000000, 0x00000000c1110000)
  from space 2176K, 100% used [0x00000000c1330000, 0x00000000c1550000, 0x00000000c1550000)
  to   space 2176K,   0% used [0x00000000c1110000, 0x00000000c1110000, 0x00000000c1330000)
 tenured generation   total 43712K, used 6609K [0x00000000d5550000, 0x00000000d8000000, 0x0000000100000000)
   the space 43712K,  15% used [0x00000000d5550000, 0x00000000d5bc4618, 0x00000000d5bc4800, 0x00000000d8000000)
 Metaspace       used 10378K, capacity 10671K, committed 10752K, reserved 1058816K
  class space    used 1143K, capacity 1242K, committed 1280K, reserved 1048576K
}
Event: 7.299 GC heap before
{Heap before GC invocations=3 (full 0):
 def new generation   total 19648K, used 19648K [0x00000000c0000000, 0x00000000c1550000, 0x00000000d5550000)
  eden space 17472K, 100% used [0x00000000c0000000, 0x00000000c1110000, 0x00000000c1110000)
  from space 2176K, 100% used [0x00000000c1330000, 0x00000000c1550000, 0x00000000c1550000)
  to   space 2176K,   0% used [0x00000000c1110000, 0x00000000c1110000, 0x00000000c1330000)
 tenured generation   total 43712K, used 6609K [0x00000000d5550000, 0x00000000d8000000, 0x0000000100000000)
   the space 43712K,  15% used [0x00000000d5550000, 0x00000000d5bc4618, 0x00000000d5bc4800, 0x00000000d8000000)
 Metaspace       used 12783K, capacity 13087K, committed 13184K, reserved 1060864K
  class space    used 1504K, capacity 1621K, committed 1664K, reserved 1048576K
}
Event: 7.305 GC heap after
{Heap after GC invocations=4 (full 0):
 def new generation   total 19648K, used 528K [0x00000000c0000000, 0x00000000c1550000, 0x00000000d5550000)
  eden space 17472K,   0% used [0x00000000c0000000, 0x00000000c0000000, 0x00000000c1110000)
  from space 2176K,  24% used [0x00000000c1110000, 0x00000000c1194338, 0x00000000c1330000)
  to   space 2176K,   0% used [0x00000000c1330000, 0x00000000c1330000, 0x00000000c1550000)
 tenured generation   total 43712K, used 8778K [0x00000000d5550000, 0x00000000d8000000, 0x0000000100000000)
   the space 43712K,  20% used [0x00000000d5550000, 0x00000000d5de2a30, 0x00000000d5de2c00, 0x00000000d8000000)
 Metaspace       used 12783K, capacity 13087K, committed 13184K, reserved 1060864K
  class space    used 1504K, capacity 1621K, committed 1664K, reserved 1048576K
}
Event: 19.606 GC heap before
{Heap before GC invocations=4 (full 0):
 def new generation   total 19648K, used 18000K [0x00000000c0000000, 0x00000000c1550000, 0x00000000d5550000)
  eden space 17472K, 100% used [0x00000000c0000000, 0x00000000c1110000, 0x00000000c1110000)
  from space 2176K,  24% used [0x00000000c1110000, 0x00000000c1194338, 0x00000000c1330000)
  to   space 2176K,   0% used [0x00000000c1330000, 0x00000000c1330000, 0x00000000c1550000)
 tenured generation   total 43712K, used 8778K [0x00000000d5550000, 0x00000000d8000000, 0x0000000100000000)
   the space 43712K,  20% used [0x00000000d5550000, 0x00000000d5de2a30, 0x00000000d5de2c00, 0x00000000d8000000)
 Metaspace       used 16655K, capacity 17025K, committed 17280K, reserved 1064960K
  class space    used 1963K, capacity 2126K, committed 2176K, reserved 1048576K
}
Event: 19.609 GC heap after
{Heap after GC invocations=5 (full 0):
 def new generation   total 19648K, used 1159K [0x00000000c0000000, 0x00000000c1550000, 0x00000000d5550000)
  eden space 17472K,   0% used [0x00000000c0000000, 0x00000000c0000000, 0x00000000c1110000)
  from space 2176K,  53% used [0x00000000c1330000, 0x00000000c1451e20, 0x00000000c1550000)
  to   space 2176K,   0% used [0x00000000c1110000, 0x00000000c1110000, 0x00000000c1330000)
 tenured generation   total 43712K, used 8778K [0x00000000d5550000, 0x00000000d8000000, 0x0000000100000000)
   the space 43712K,  20% used [0x00000000d5550000, 0x00000000d5de2a30, 0x00000000d5de2c00, 0x00000000d8000000)
 Metaspace       used 16655K, capacity 17025K, committed 17280K, reserved 1064960K
  class space    used 1963K, capacity 2126K, committed 2176K, reserved 1048576K
}
Event: 20.106 GC heap before
{Heap before GC invocations=5 (full 0):
 def new generation   total 19648K, used 18631K [0x00000000c0000000, 0x00000000c1550000, 0x00000000d5550000)
  eden space 17472K, 100% used [0x00000000c0000000, 0x00000000c1110000, 0x00000000c1110000)
  from space 2176K,  53% used [0x00000000c1330000, 0x00000000c1451e20, 0x00000000c1550000)
  to   space 2176K,   0% used [0x00000000c1110000, 0x00000000c1110000, 0x00000000c1330000)
 tenured generation   total 43712K, used 8778K [0x00000000d5550000, 0x00000000d8000000, 0x0000000100000000)
   the space 43712K,  20% used [0x00000000d5550000, 0x00000000d5de2a30, 0x00000000d5de2c00, 0x00000000d8000000)
 Metaspace       used 19800K, capacity 20439K, committed 20608K, reserved 1067008K
  class space    used 2418K, capacity 2662K, committed 2688K, reserved 1048576K
}
Event: 20.109 GC heap after
{Heap after GC invocations=6 (full 0):
 def new generation   total 19648K, used 1278K [0x00000000c0000000, 0x00000000c1550000, 0x00000000d5550000)
  eden space 17472K,   0% used [0x00000000c0000000, 0x00000000c0000000, 0x00000000c1110000)
  from space 2176K,  58% used [0x00000000c1110000, 0x00000000c124fbb0, 0x00000000c1330000)
  to   space 2176K,   0% used [0x00000000c1330000, 0x00000000c1330000, 0x00000000c1550000)
 tenured generation   total 43712K, used 9275K [0x00000000d5550000, 0x00000000d8000000, 0x0000000100000000)
   the space 43712K,  21% used [0x00000000d5550000, 0x00000000d5e5ec08, 0x00000000d5e5ee00, 0x00000000d8000000)
 Metaspace       used 19800K, capacity 20439K, committed 20608K, reserved 1067008K
  class space    used 2418K, capacity 2662K, committed 2688K, reserved 1048576K
}
Event: 25.492 GC heap before
{Heap before GC invocations=6 (full 0):
 def new generation   total 19648K, used 7332K [0x00000000c0000000, 0x00000000c1550000, 0x00000000d5550000)
  eden space 17472K,  34% used [0x00000000c0000000, 0x00000000c05e9450, 0x00000000c1110000)
  from space 2176K,  58% used [0x00000000c1110000, 0x00000000c124fbb0, 0x00000000c1330000)
  to   space 2176K,   0% used [0x00000000c1330000, 0x00000000c1330000, 0x00000000c1550000)
 tenured generation   total 43712K, used 9275K [0x00000000d5550000, 0x00000000d8000000, 0x0000000100000000)
   the space 43712K,  21% used [0x00000000d5550000, 0x00000000d5e5ec08, 0x00000000d5e5ee00, 0x00000000d8000000)
 Metaspace       used 20607K, capacity 21178K, committed 21248K, reserved 1067008K
  class space    used 2540K, capacity 2759K, committed 2816K, reserved 1048576K
}
Event: 25.510 GC heap after
{Heap after GC invocations=7 (full 1):
 def new generation   total 19712K, used 0K [0x00000000c0000000, 0x00000000c1560000, 0x00000000d5550000)
  eden space 17536K,   0% used [0x00000000c0000000, 0x00000000c0000000, 0x00000000c1120000)
  from space 2176K,   0% used [0x00000000c1120000, 0x00000000c1120000, 0x00000000c1340000)
  to   space 2176K,   0% used [0x00000000c1340000, 0x00000000c1340000, 0x00000000c1560000)
 tenured generation   total 43712K, used 10630K [0x00000000d5550000, 0x00000000d8000000, 0x0000000100000000)
   the space 43712K,  24% used [0x00000000d5550000, 0x00000000d5fb1b70, 0x00000000d5fb1c00, 0x00000000d8000000)
 Metaspace       used 20607K, capacity 21178K, committed 21248K, reserved 1067008K
  class space    used 2540K, capacity 2759K, committed 2816K, reserved 1048576K
}
Event: 25.526 GC heap before
{Heap before GC invocations=7 (full 1):
 def new generation   total 19712K, used 17536K [0x00000000c0000000, 0x00000000c1560000, 0x00000000d5550000)
  eden space 17536K, 100% used [0x00000000c0000000, 0x00000000c1120000, 0x00000000c1120000)
  from space 2176K,   0% used [0x00000000c1120000, 0x00000000c1120000, 0x00000000c1340000)
  to   space 2176K,   0% used [0x00000000c1340000, 0x00000000c1340000, 0x00000000c1560000)
 tenured generation   total 43712K, used 10630K [0x00000000d5550000, 0x00000000d8000000, 0x0000000100000000)
   the space 43712K,  24% used [0x00000000d5550000, 0x00000000d5fb1b70, 0x00000000d5fb1c00, 0x00000000d8000000)
 Metaspace       used 20692K, capacity 21274K, committed 21504K, reserved 1069056K
  class space    used 2563K, capacity 2791K, committed 2816K, reserved 1048576K
}
Event: 25.536 GC heap after
{Heap after GC invocations=8 (full 1):
 def new generation   total 19712K, used 245K [0x00000000c0000000, 0x00000000c1560000, 0x00000000d5550000)
  eden space 17536K,   0% used [0x00000000c0000000, 0x00000000c0000000, 0x00000000c1120000)
  from space 2176K,  11% used [0x00000000c1340000, 0x00000000c137d530, 0x00000000c1560000)
  to   space 2176K,   0% used [0x00000000c1120000, 0x00000000c1120000, 0x00000000c1340000)
 tenured generation   total 43712K, used 27014K [0x00000000d5550000, 0x00000000d8000000, 0x0000000100000000)
   the space 43712K,  61% used [0x00000000d5550000, 0x00000000d6fb1b80, 0x00000000d6fb1c00, 0x00000000d8000000)
 Metaspace       used 20692K, capacity 21274K, committed 21504K, reserved 1069056K
  class space    used 2563K, capacity 2791K, committed 2816K, reserved 1048576K
}

