# JRE version: Java(TM) SE Runtime Environment (13.0.2+8) (build 13.0.2+8)
# Java VM: Java HotSpot(TM) 64-Bit Server VM (13.0.2+8, mixed mode, sharing, tiered, compressed oops, serial gc, windows-amd64)
Heap:
 def new generation   total 34048K, used 4384K [0x00000000c0000000, 0x00000000c24f0000, 0x00000000d5550000)
  eden space 30272K,  14% used [0x00000000c0000000, 0x00000000c0448220, 0x00000000c1d90000)
  from space 3776K,   0% used [0x00000000c1d90000, 0x00000000c1d90000, 0x00000000c2140000)
  to   space 3776K,   0% used [0x00000000c2140000, 0x00000000c2140000, 0x00000000c24f0000)
 tenured generation   total 75416K, used 45247K [0x00000000d5550000, 0x00000000d9ef6000, 0x0000000100000000)
   the space 75416K,  59% used [0x00000000d5550000, 0x00000000d817fde0, 0x00000000d817fe00, 0x00000000d9ef6000)
 Metaspace       used 22401K, capacity 23029K, committed 23296K, reserved 1069056K
  class space    used 2758K, capacity 3005K, committed 3072K, reserved 1048576K
GC Heap History (20 events):
Event: 1.426 GC heap before
{Heap before GC invocations=1 (full 0):
 def new generation   total 19648K, used 19647K [0x00000000c0000000, 0x00000000c1550000, 0x00000000d5550000)
  eden space 17472K, 100% used [0x00000000c0000000, 0x00000000c1110000, 0x00000000c1110000)
  from space 2176K,  99% used [0x00000000c1330000, 0x00000000c154fff8, 0x00000000c1550000)
  to   space 2176K,   0% used [0x00000000c1110000, 0x00000000c1110000, 0x00000000c1330000)
 tenured generation   total 43712K, used 3187K [0x00000000d5550000, 0x00000000d8000000, 0x0000000100000000)
   the space 43712K,   7% used [0x00000000d5550000, 0x00000000d586cda0, 0x00000000d586ce00, 0x00000000d8000000)
 Metaspace       used 7344K, capacity 7763K, committed 7808K, reserved 1056768K
  class space    used 791K, capacity 875K, committed 896K, reserved 1048576K
}
Event: 1.433 GC heap after
{Heap after GC invocations=2 (full 0):
 def new generation   total 19648K, used 1051K [0x00000000c0000000, 0x00000000c1550000, 0x00000000d5550000)
  eden space 17472K,   0% used [0x00000000c0000000, 0x00000000c0000000, 0x00000000c1110000)
  from space 2176K,  48% used [0x00000000c1110000, 0x00000000c1216d88, 0x00000000c1330000)
  to   space 2176K,   0% used [0x00000000c1330000, 0x00000000c1330000, 0x00000000c1550000)
 tenured generation   total 43712K, used 5346K [0x00000000d5550000, 0x00000000d8000000, 0x0000000100000000)
   the space 43712K,  12% used [0x00000000d5550000, 0x00000000d5a88b40, 0x00000000d5a88c00, 0x00000000d8000000)
 Metaspace       used 7344K, capacity 7763K, committed 7808K, reserved 1056768K
  class space    used 791K, capacity 875K, committed 896K, reserved 1048576K
}
Event: 7.503 GC heap before
{Heap before GC invocations=2 (full 0):
 def new generation   total 19648K, used 18523K [0x00000000c0000000, 0x00000000c1550000, 0x00000000d5550000)
  eden space 17472K, 100% used [0x00000000c0000000, 0x00000000c1110000, 0x00000000c1110000)
  from space 2176K,  48% used [0x00000000c1110000, 0x00000000c1216d88, 0x00000000c1330000)
  to   space 2176K,   0% used [0x00000000c1330000, 0x00000000c1330000, 0x00000000c1550000)
 tenured generation   total 43712K, used 5346K [0x00000000d5550000, 0x00000000d8000000, 0x0000000100000000)
   the space 43712K,  12% used [0x00000000d5550000, 0x00000000d5a88b40, 0x00000000d5a88c00, 0x00000000d8000000)
 Metaspace       used 10342K, capacity 10671K, committed 10752K, reserved 1058816K
  class space    used 1135K, capacity 1242K, committed 1280K, reserved 1048576K
}
Event: 7.510 GC heap after
{Heap after GC invocations=3 (full 0):
 def new generation   total 19648K, used 2176K [0x00000000c0000000, 0x00000000c1550000, 0x00000000d5550000)
  eden space 17472K,   0% used [0x00000000c0000000, 0x00000000c0000000, 0x00000000c1110000)
  from space 2176K, 100% used [0x00000000c1330000, 0x00000000c1550000, 0x00000000c1550000)
  to   space 2176K,   0% used [0x00000000c1110000, 0x00000000c1110000, 0x00000000c1330000)
 tenured generation   total 43712K, used 6577K [0x00000000d5550000, 0x00000000d8000000, 0x0000000100000000)
   the space 43712K,  15% used [0x00000000d5550000, 0x00000000d5bbc6c8, 0x00000000d5bbc800, 0x00000000d8000000)
 Metaspace       used 10342K, capacity 10671K, committed 10752K, reserved 1058816K
  class space    used 1135K, capacity 1242K, committed 1280K, reserved 1048576K
}
Event: 7.819 GC heap before
{Heap before GC invocations=3 (full 0):
 def new generation   total 19648K, used 19648K [0x00000000c0000000, 0x00000000c1550000, 0x00000000d5550000)
  eden space 17472K, 100% used [0x00000000c0000000, 0x00000000c1110000, 0x00000000c1110000)
  from space 2176K, 100% used [0x00000000c1330000, 0x00000000c1550000, 0x00000000c1550000)
  to   space 2176K,   0% used [0x00000000c1110000, 0x00000000c1110000, 0x00000000c1330000)
 tenured generation   total 43712K, used 6577K [0x00000000d5550000, 0x00000000d8000000, 0x0000000100000000)
   the space 43712K,  15% used [0x00000000d5550000, 0x00000000d5bbc6c8, 0x00000000d5bbc800, 0x00000000d8000000)
 Metaspace       used 12757K, capacity 13151K, committed 13440K, reserved 1060864K
  class space    used 1498K, capacity 1621K, committed 1664K, reserved 1048576K
}
Event: 7.824 GC heap after
{Heap after GC invocations=4 (full 0):
 def new generation   total 19648K, used 540K [0x00000000c0000000, 0x00000000c1550000, 0x00000000d5550000)
  eden space 17472K,   0% used [0x00000000c0000000, 0x00000000c0000000, 0x00000000c1110000)
  from space 2176K,  24% used [0x00000000c1110000, 0x00000000c1197388, 0x00000000c1330000)
  to   space 2176K,   0% used [0x00000000c1330000, 0x00000000c1330000, 0x00000000c1550000)
 tenured generation   total 43712K, used 8739K [0x00000000d5550000, 0x00000000d8000000, 0x0000000100000000)
   the space 43712K,  19% used [0x00000000d5550000, 0x00000000d5dd8ef8, 0x00000000d5dd9000, 0x00000000d8000000)
 Metaspace       used 12757K, capacity 13151K, committed 13440K, reserved 1060864K
  class space    used 1498K, capacity 1621K, committed 1664K, reserved 1048576K
}
Event: 19.392 GC heap before
{Heap before GC invocations=4 (full 0):
 def new generation   total 19648K, used 18012K [0x00000000c0000000, 0x00000000c1550000, 0x00000000d5550000)
  eden space 17472K, 100% used [0x00000000c0000000, 0x00000000c1110000, 0x00000000c1110000)
  from space 2176K,  24% used [0x00000000c1110000, 0x00000000c1197388, 0x00000000c1330000)
  to   space 2176K,   0% used [0x00000000c1330000, 0x00000000c1330000, 0x00000000c1550000)
 tenured generation   total 43712K, used 8739K [0x00000000d5550000, 0x00000000d8000000, 0x0000000100000000)
   the space 43712K,  19% used [0x00000000d5550000, 0x00000000d5dd8ef8, 0x00000000d5dd9000, 0x00000000d8000000)
 Metaspace       used 16640K, capacity 17025K, committed 17280K, reserved 1064960K
  class space    used 1966K, capacity 2126K, committed 2176K, reserved 1048576K
}
Event: 19.395 GC heap after
{Heap after GC invocations=5 (full 0):
 def new generation   total 19648K, used 1233K [0x00000000c0000000, 0x00000000c1550000, 0x00000000d5550000)
  eden space 17472K,   0% used [0x00000000c0000000, 0x00000000c0000000, 0x00000000c1110000)
  from space 2176K,  56% used [0x00000000c1330000, 0x00000000c1464738, 0x00000000c1550000)
  to   space 2176K,   0% used [0x00000000c1110000, 0x00000000c1110000, 0x00000000c1330000)
 tenured generation   total 43712K, used 8739K [0x00000000d5550000, 0x00000000d8000000, 0x0000000100000000)
   the space 43712K,  19% used [0x00000000d5550000, 0x00000000d5dd8ef8, 0x00000000d5dd9000, 0x00000000d8000000)
 Metaspace       used 16640K, capacity 17025K, committed 17280K, reserved 1064960K
  class space    used 1966K, capacity 2126K, committed 2176K, reserved 1048576K
}
Event: 19.955 GC heap before
{Heap before GC invocations=5 (full 0):
 def new generation   total 19648K, used 18705K [0x00000000c0000000, 0x00000000c1550000, 0x00000000d5550000)
  eden space 17472K, 100% used [0x00000000c0000000, 0x00000000c1110000, 0x00000000c1110000)
  from space 2176K,  56% used [0x00000000c1330000, 0x00000000c1464738, 0x00000000c1550000)
  to   space 2176K,   0% used [0x00000000c1110000, 0x00000000c1110000, 0x00000000c1330000)
 tenured generation   total 43712K, used 8739K [0x00000000d5550000, 0x00000000d8000000, 0x0000000100000000)
   the space 43712K,  19% used [0x00000000d5550000, 0x00000000d5dd8ef8, 0x00000000d5dd9000, 0x00000000d8000000)
 Metaspace       used 19808K, capacity 20439K, committed 20608K, reserved 1067008K
  class space    used 2419K, capacity 2662K, committed 2688K, reserved 1048576K
}
Event: 19.959 GC heap after
{Heap after GC invocations=6 (full 0):
 def new generation   total 19648K, used 1308K [0x00000000c0000000, 0x00000000c1550000, 0x00000000d5550000)
  eden space 17472K,   0% used [0x00000000c0000000, 0x00000000c0000000, 0x00000000c1110000)
  from space 2176K,  60% used [0x00000000c1110000, 0x00000000c1257218, 0x00000000c1330000)
  to   space 2176K,   0% used [0x00000000c1330000, 0x00000000c1330000, 0x00000000c1550000)
 tenured generation   total 43712K, used 9239K [0x00000000d5550000, 0x00000000d8000000, 0x0000000100000000)
   the space 43712K,  21% used [0x00000000d5550000, 0x00000000d5e55cf8, 0x00000000d5e55e00, 0x00000000d8000000)
 Metaspace       used 19808K, capacity 20439K, committed 20608K, reserved 1067008K
  class space    used 2419K, capacity 2662K, committed 2688K, reserved 1048576K
}
Event: 24.777 GC heap before
{Heap before GC invocations=6 (full 0):
 def new generation   total 19648K, used 7355K [0x00000000c0000000, 0x00000000c1550000, 0x00000000d5550000)
  eden space 17472K,  34% used [0x00000000c0000000, 0x00000000c05e7c30, 0x00000000c1110000)
  from space 2176K,  60% used [0x00000000c1110000, 0x00000000c1257218, 0x00000000c1330000)
  to   space 2176K,   0% used [0x00000000c1330000, 0x00000000c1330000, 0x00000000c1550000)
 tenured generation   total 43712K, used 9239K [0x00000000d5550000, 0x00000000d8000000, 0x0000000100000000)
   the space 43712K,  21% used [0x00000000d5550000, 0x00000000d5e55cf8, 0x00000000d5e55e00, 0x00000000d8000000)
 Metaspace       used 20622K, capacity 21210K, committed 21248K, reserved 1067008K
  class space    used 2546K, capacity 2791K, committed 2816K, reserved 1048576K
}
Event: 24.796 GC heap after
{Heap after GC invocations=7 (full 1):
 def new generation   total 19712K, used 0K [0x00000000c0000000, 0x00000000c1560000, 0x00000000d5550000)
  eden space 17536K,   0% used [0x00000000c0000000, 0x00000000c0000000, 0x00000000c1120000)
  from space 2176K,   0% used [0x00000000c1120000, 0x00000000c1120000, 0x00000000c1340000)
  to   space 2176K,   0% used [0x00000000c1340000, 0x00000000c1340000, 0x00000000c1560000)
 tenured generation   total 43712K, used 10620K [0x00000000d5550000, 0x00000000d8000000, 0x0000000100000000)
   the space 43712K,  24% used [0x00000000d5550000, 0x00000000d5faf220, 0x00000000d5faf400, 0x00000000d8000000)
 Metaspace       used 20622K, capacity 21210K, committed 21248K, reserved 1067008K
  class space    used 2546K, capacity 2791K, committed 2816K, reserved 1048576K
}
Event: 24.813 GC heap before
{Heap before GC invocations=7 (full 1):
 def new generation   total 19712K, used 17536K [0x00000000c0000000, 0x00000000c1560000, 0x00000000d5550000)
  eden space 17536K, 100% used [0x00000000c0000000, 0x00000000c1120000, 0x00000000c1120000)
  from space 2176K,   0% used [0x00000000c1120000, 0x00000000c1120000, 0x00000000c1340000)
  to   space 2176K,   0% used [0x00000000c1340000, 0x00000000c1340000, 0x00000000c1560000)
 tenured generation   total 43712K, used 10620K [0x00000000d5550000, 0x00000000d8000000, 0x0000000100000000)
   the space 43712K,  24% used [0x00000000d5550000, 0x00000000d5faf220, 0x00000000d5faf400, 0x00000000d8000000)
 Metaspace       used 20706K, capacity 21274K, committed 21504K, reserved 1069056K
  class space    used 2568K, capacity 2791K, committed 2816K, reserved 1048576K
}
Event: 24.825 GC heap after
{Heap after GC invocations=8 (full 1):
 def new generation   total 19712K, used 245K [0x00000000c0000000, 0x00000000c1560000, 0x00000000d5550000)
  eden space 17536K,   0% used [0x00000000c0000000, 0x00000000c0000000, 0x00000000c1120000)
  from space 2176K,  11% used [0x00000000c1340000, 0x00000000c137d4d8, 0x00000000c1560000)
  to   space 2176K,   0% used [0x00000000c1120000, 0x00000000c1120000, 0x00000000c1340000)
 tenured generation   total 43712K, used 27004K [0x00000000d5550000, 0x00000000d8000000, 0x0000000100000000)
   the space 43712K,  61% used [0x00000000d5550000, 0x00000000d6faf230, 0x00000000d6faf400, 0x00000000d8000000)
 Metaspace       used 20706K, capacity 21274K, committed 21504K, reserved 1069056K
  class space    used 2568K, capacity 2791K, committed 2816K, reserved 1048576K
}
Event: 52.670 GC heap before
{Heap before GC invocations=8 (full 1):
 def new generation   total 19712K, used 15345K [0x00000000c0000000, 0x00000000c1560000, 0x00000000d5550000)
  eden space 17536K,  86% used [0x00000000c0000000, 0x00000000c0ebf008, 0x00000000c1120000)
  from space 2176K,  11% used [0x00000000c1340000, 0x00000000c137d4d8, 0x00000000c1560000)
  to   space 2176K,   0% used [0x00000000c1120000, 0x00000000c1120000, 0x00000000c1340000)
 tenured generation   total 43712K, used 27004K [0x00000000d5550000, 0x00000000d8000000, 0x0000000100000000)
   the space 43712K,  61% used [0x00000000d5550000, 0x00000000d6faf230, 0x00000000d6faf400, 0x00000000d8000000)
 Metaspace       used 22202K, capacity 22880K, committed 23040K, reserved 1069056K
  class space    used 2756K, capacity 3002K, committed 3072K, reserved 1048576K
}
Event: 52.673 GC heap after
{Heap after GC invocations=9 (full 1):
 def new generation   total 19712K, used 1897K [0x00000000c0000000, 0x00000000c1560000, 0x00000000d5550000)
  eden space 17536K,   0% used [0x00000000c0000000, 0x00000000c0000000, 0x00000000c1120000)
  from space 2176K,  87% used [0x00000000c1120000, 0x00000000c12fa488, 0x00000000c1340000)
  to   space 2176K,   0% used [0x00000000c1340000, 0x00000000c1340000, 0x00000000c1560000)
 tenured generation   total 43712K, used 27004K [0x00000000d5550000, 0x00000000d8000000, 0x0000000100000000)
   the space 43712K,  61% used [0x00000000d5550000, 0x00000000d6faf230, 0x00000000d6faf400, 0x00000000d8000000)
 Metaspace       used 22202K, capacity 22880K, committed 23040K, reserved 1069056K
  class space    used 2756K, capacity 3002K, committed 3072K, reserved 1048576K
}
Event: 58.327 GC heap before
{Heap before GC invocations=9 (full 1):
 def new generation   total 19712K, used 19433K [0x00000000c0000000, 0x00000000c1560000, 0x00000000d5550000)
  eden space 17536K, 100% used [0x00000000c0000000, 0x00000000c1120000, 0x00000000c1120000)
  from space 2176K,  87% used [0x00000000c1120000, 0x00000000c12fa488, 0x00000000c1340000)
  to   space 2176K,   0% used [0x00000000c1340000, 0x00000000c1340000, 0x00000000c1560000)
 tenured generation   total 43712K, used 27004K [0x00000000d5550000, 0x00000000d8000000, 0x0000000100000000)
   the space 43712K,  61% used [0x00000000d5550000, 0x00000000d6faf230, 0x00000000d6faf400, 0x00000000d8000000)
 Metaspace       used 22219K, capacity 22886K, committed 23040K, reserved 1069056K
  class space    used 2757K, capacity 3003K, committed 3072K, reserved 1048576K
}
Event: 58.341 GC heap after
{Heap after GC invocations=10 (full 1):
 def new generation   total 19712K, used 104K [0x00000000c0000000, 0x00000000c1560000, 0x00000000d5550000)
  eden space 17536K,   0% used [0x00000000c0000000, 0x00000000c0000000, 0x00000000c1120000)
  from space 2176K,   4% used [0x00000000c1340000, 0x00000000c135a048, 0x00000000c1560000)
  to   space 2176K,   0% used [0x00000000c1120000, 0x00000000c1120000, 0x00000000c1340000)
 tenured generation   total 45248K, used 45244K [0x00000000d5550000, 0x00000000d8180000, 0x0000000100000000)
   the space 45248K,  99% used [0x00000000d5550000, 0x00000000d817f180, 0x00000000d817f200, 0x00000000d8180000)
 Metaspace       used 22219K, capacity 22886K, committed 23040K, reserved 1069056K
  class space    used 2757K, capacity 3003K, committed 3072K, reserved 1048576K
}
Event: 58.341 GC heap before
{Heap before GC invocations=10 (full 1):
 def new generation   total 19712K, used 104K [0x00000000c0000000, 0x00000000c1560000, 0x00000000d5550000)
  eden space 17536K,   0% used [0x00000000c0000000, 0x00000000c0000000, 0x00000000c1120000)
  from space 2176K,   4% used [0x00000000c1340000, 0x00000000c135a048, 0x00000000c1560000)
  to   space 2176K,   0% used [0x00000000c1120000, 0x00000000c1120000, 0x00000000c1340000)
 tenured generation   total 45248K, used 45244K [0x00000000d5550000, 0x00000000d8180000, 0x0000000100000000)
   the space 45248K,  99% used [0x00000000d5550000, 0x00000000d817f180, 0x00000000d817f200, 0x00000000d8180000)
 Metaspace       used 22219K, capacity 22886K, committed 23040K, reserved 1069056K
  class space    used 2757K, capacity 3003K, committed 3072K, reserved 1048576K
}
Event: 58.362 GC heap after
{Heap after GC invocations=10 (full 2):
 def new generation   total 34048K, used 100K [0x00000000c0000000, 0x00000000c24f0000, 0x00000000d5550000)
  eden space 30272K,   0% used [0x00000000c0000000, 0x00000000c00193e8, 0x00000000c1d90000)
  from space 3776K,   0% used [0x00000000c1d90000, 0x00000000c1d90000, 0x00000000c2140000)
  to   space 3776K,   0% used [0x00000000c2140000, 0x00000000c2140000, 0x00000000c24f0000)
 tenured generation   total 75416K, used 45247K [0x00000000d5550000, 0x00000000d9ef6000, 0x0000000100000000)
   the space 75416K,  59% used [0x00000000d5550000, 0x00000000d817fde0, 0x00000000d817fe00, 0x00000000d9ef6000)
 Metaspace       used 22219K, capacity 22886K, committed 23040K, reserved 1069056K
  class space    used 2757K, capacity 3003K, committed 3072K, reserved 1048576K
}

